<?xml version="1.0" encoding="UTF-8"?>
<!-- Generated by org.testng.reporters.JUnitReportReporter -->
<testsuite skipped="0" hostname="fcff9877c732" name="testcases.SearchModuleTest" tests="4" failures="0" timestamp="2023-05-03T12:38:48 GMT" time="35.782" errors="0">
  <testcase name="searchFunctionalTest" time="9.778" classname="testcases.SearchModuleTest"/>
  <system-out/>
  <testcase name="searchFunctionalTest" time="7.974" classname="testcases.SearchModuleTest"/>
  <system-out/>
  <testcase name="searchFunctionalTest" time="10.723" classname="testcases.SearchModuleTest"/>
  <system-out/>
  <testcase name="searchFunctionalTest" time="7.307" classname="testcases.SearchModuleTest"/>
  <system-out/>
</testsuite> <!-- testcases.SearchModuleTest -->
