<?xml version="1.0" encoding="UTF-8"?>
<!-- Generated by org.testng.reporters.JUnitReportReporter -->
<testsuite skipped="0" hostname="0eb29d961b68" name="testcases.BookFlightTest" tests="24" failures="0" timestamp="2023-05-03T12:42:46 GMT" time="316.684" errors="0">
  <testcase name="billingAddressPageTest" time="0.321" classname="testcases.BookFlightTest"/>
  <system-out/>
  <testcase name="billingAddressPageTest" time="0.502" classname="testcases.BookFlightTest"/>
  <system-out/>
  <testcase name="registrationPageTest" time="7.608" classname="testcases.BookFlightTest"/>
  <system-out/>
  <testcase name="selectFlightPageTest" time="4.262" classname="testcases.BookFlightTest"/>
  <system-out/>
  <testcase name="flightConfirmationPageTest" time="0.804" classname="testcases.BookFlightTest"/>
  <system-out/>
  <testcase name="registrationPageTest" time="281.745" classname="testcases.BookFlightTest"/>
  <system-out/>
  <testcase name="flightConfirmationPageTest" time="0.483" classname="testcases.BookFlightTest"/>
  <system-out/>
  <testcase name="flightsDetailPageTest" time="1.948" classname="testcases.BookFlightTest"/>
  <system-out/>
  <testcase name="registrationPageTest" time="-59.764" classname="testcases.BookFlightTest"/>
  <system-out/>
  <testcase name="flightConfirmationPageTest" time="0.612" classname="testcases.BookFlightTest"/>
  <system-out/>
  <testcase name="selectFlightPageTest" time="1.471" classname="testcases.BookFlightTest"/>
  <system-out/>
  <testcase name="selectFlightPageTest" time="2.284" classname="testcases.BookFlightTest"/>
  <system-out/>
  <testcase name="flightsDetailPageTest" time="2.575" classname="testcases.BookFlightTest"/>
  <system-out/>
  <testcase name="flightsDetailPageTest" time="2.292" classname="testcases.BookFlightTest"/>
  <system-out/>
  <testcase name="registrationConfirmationPageTest" time="0.280" classname="testcases.BookFlightTest"/>
  <system-out/>
  <testcase name="registrationConfirmationPageTest" time="0.177" classname="testcases.BookFlightTest"/>
  <system-out/>
  <testcase name="flightConfirmationPageTest" time="0.545" classname="testcases.BookFlightTest"/>
  <system-out/>
  <testcase name="registrationConfirmationPageTest" time="0.450" classname="testcases.BookFlightTest"/>
  <system-out/>
  <testcase name="billingAddressPageTest" time="0.393" classname="testcases.BookFlightTest"/>
  <system-out/>
  <testcase name="registrationConfirmationPageTest" time="0.150" classname="testcases.BookFlightTest"/>
  <system-out/>
  <testcase name="selectFlightPageTest" time="1.101" classname="testcases.BookFlightTest"/>
  <system-out/>
  <testcase name="billingAddressPageTest" time="0.345" classname="testcases.BookFlightTest"/>
  <system-out/>
  <testcase name="flightsDetailPageTest" time="2.062" classname="testcases.BookFlightTest"/>
  <system-out/>
  <testcase name="registrationPageTest" time="64.038" classname="testcases.BookFlightTest"/>
  <system-out/>
</testsuite> <!-- testcases.BookFlightTest -->
